[2024-06-17 02:54:37][INFO] Loading resources...
[2024-06-17 02:54:37][FINE] Loading resources from: /workspaces/Ourcraft/server/world/datapacks/bukkit ...
[2024-06-17 02:54:37][FINE] Loading resources from: bluemap/resourceExtensions.zip ...
[2024-06-17 02:54:38][FINE] Loading resources from: bluemap/minecraft-client-1.20.0.jar ...
[2024-06-17 02:54:41][INFO] Loading textures...
[2024-06-17 02:54:41][FINE] Loading textures from: /workspaces/Ourcraft/server/world/datapacks/bukkit ...
[2024-06-17 02:54:41][FINE] Loading textures from: bluemap/resourceExtensions.zip ...
[2024-06-17 02:54:41][FINE] Loading textures from: bluemap/minecraft-client-1.20.0.jar ...
[2024-06-17 02:54:44][INFO] Baking resources...
[2024-06-17 02:54:45][INFO] Resources loaded.
[2024-06-17 02:54:45][FINE] Loading world id for '/workspaces/Ourcraft/server/world_the_end/DIM1'...
[2024-06-17 02:54:45][INFO] Loading world '6b8fb539-85fc-4228-bac5-d7838492d5a8' (/workspaces/Ourcraft/server/world_the_end/DIM1)...
[2024-06-17 02:54:45][INFO] Initializing Storage: 'file' (Type: FILE)
[2024-06-17 02:54:45][INFO] Loading map 'world_the_end'...
[2024-06-17 02:54:45][FINE] Loading world id for '/workspaces/Ourcraft/server/world'...
[2024-06-17 02:54:45][INFO] Loading world '7cd003a8-ce4a-4930-8ddb-838d2799704f' (/workspaces/Ourcraft/server/world)...
[2024-06-17 02:54:45][INFO] Loading map 'world'...
[2024-06-17 02:54:45][FINE] Loading world id for '/workspaces/Ourcraft/server/world_nether/DIM-1'...
[2024-06-17 02:54:45][INFO] Loading world '5a8dad09-d1bd-4f1d-bdc6-f6aa89dc9098' (/workspaces/Ourcraft/server/world_nether/DIM-1)...
[2024-06-17 02:54:45][INFO] Loading map 'world_nether'...
[2024-06-17 02:54:45][INFO] WebServer bound to all network interfaces on port 25566
[2024-06-17 02:54:45][INFO] WebServer started.
[2024-06-17 02:54:46][INFO] Loaded!
[2024-06-17 02:59:52][INFO] Stopping...
